Build started 6/3/2014 3:29:58 PM.
     1>Project "C:\Users\e3rul_000\documents\visual studio 2012\Projects\DArray\DArray\DArray.vcxproj" on node 2 (Build target(s)).
     1>ClCompile:
         C:\Program Files (x86)\Microsoft Visual Studio 11.0\VC\bin\CL.exe /c /ZI /nologo /W3 /WX- /Od /Oy- /D WIN32 /D _DEBUG /D _CONSOLE /D _UNICODE /D UNICODE /Gm /EHsc /RTC1 /MDd /GS /fp:precise /Zc:wchar_t /Zc:forScope /Fo"Debug\\" /Fd"Debug\vc110.pdb" /Gd /TC /analyze- /errorReport:prompt ..\main.c
         main.c
     1>c:\users\e3rul_000\documents\visual studio 2012\projects\darray\darray.h(14): fatal error C1083: Cannot open include file: 'cstdbool': No such file or directory
     1>Done Building Project "C:\Users\e3rul_000\documents\visual studio 2012\Projects\DArray\DArray\DArray.vcxproj" (Build target(s)) -- FAILED.

Build FAILED.

Time Elapsed 00:00:00.29
